<?xml version='1.0' encoding='UTF-8'?>
<testsuite hostname="DESKTOP-KTCSO1M" name="subtypingtests" tests="1" errors="0" failures="0" skipped="0" time="0.041" timestamp="2023-03-07T16:59:29">
          <properties>
[...]
</properties>
          <testcase classname="subtypingtests" name="EX03 - observeCounterArray" time="0.041">
                      
                    </testcase>
          <system-out><![CDATA[]]></system-out>
          <system-err><![CDATA[]]></system-err>
        </testsuite>